[0.247s] Invoking command in '/home/vj/ros2_ws/build/rplidar_ros': CMAKE_PREFIX_PATH=${CMAKE_PREFIX_PATH}:/home/vj/ros2_ws/install/motor_controller:/opt/ros/humble /usr/bin/cmake --build /home/vj/ros2_ws/build/rplidar_ros -- -j8 -l8
[0.298s] [  5%] Built target rplidar_client
[0.306s] [100%] Built target rplidar_composition
[0.306s] [100%] Built target rplidar_node
[0.316s] Invoked command in '/home/vj/ros2_ws/build/rplidar_ros' returned '0': CMAKE_PREFIX_PATH=${CMAKE_PREFIX_PATH}:/home/vj/ros2_ws/install/motor_controller:/opt/ros/humble /usr/bin/cmake --build /home/vj/ros2_ws/build/rplidar_ros -- -j8 -l8
[0.326s] Invoking command in '/home/vj/ros2_ws/build/rplidar_ros': CMAKE_PREFIX_PATH=${CMAKE_PREFIX_PATH}:/home/vj/ros2_ws/install/motor_controller:/opt/ros/humble /usr/bin/cmake --install /home/vj/ros2_ws/build/rplidar_ros
[0.333s] -- Install configuration: ""
[0.333s] -- Up-to-date: /home/vj/ros2_ws/install/rplidar_ros/share/rplidar_ros/launch
[0.334s] -- Up-to-date: /home/vj/ros2_ws/install/rplidar_ros/share/rplidar_ros/launch/rplidar_s1_tcp_launch.py
[0.334s] -- Up-to-date: /home/vj/ros2_ws/install/rplidar_ros/share/rplidar_ros/launch/rplidar_a3_launch.py
[0.334s] -- Up-to-date: /home/vj/ros2_ws/install/rplidar_ros/share/rplidar_ros/launch/rplidar_s2_launch.py
[0.334s] -- Up-to-date: /home/vj/ros2_ws/install/rplidar_ros/share/rplidar_ros/launch/view_rplidar_t1_launch.py
[0.334s] -- Up-to-date: /home/vj/ros2_ws/install/rplidar_ros/share/rplidar_ros/launch/view_rplidar_s1_launch.py
[0.334s] -- Up-to-date: /home/vj/ros2_ws/install/rplidar_ros/share/rplidar_ros/launch/view_rplidar_a3_launch.py
[0.334s] -- Up-to-date: /home/vj/ros2_ws/install/rplidar_ros/share/rplidar_ros/launch/view_rplidar_a2m7_launch.py
[0.334s] -- Up-to-date: /home/vj/ros2_ws/install/rplidar_ros/share/rplidar_ros/launch/view_rplidar_s2_launch.py
[0.335s] -- Up-to-date: /home/vj/ros2_ws/install/rplidar_ros/share/rplidar_ros/launch/view_rplidar_s1_tcp_launch.py
[0.335s] -- Up-to-date: /home/vj/ros2_ws/install/rplidar_ros/share/rplidar_ros/launch/rplidar_s3_launch.py
[0.335s] -- Up-to-date: /home/vj/ros2_ws/install/rplidar_ros/share/rplidar_ros/launch/view_rplidar_s3_launch.py
[0.335s] -- Up-to-date: /home/vj/ros2_ws/install/rplidar_ros/share/rplidar_ros/launch/view_rplidar_a2m8_launch.py
[0.335s] -- Up-to-date: /home/vj/ros2_ws/install/rplidar_ros/share/rplidar_ros/launch/rplidar_s2e_launch.py
[0.335s] -- Up-to-date: /home/vj/ros2_ws/install/rplidar_ros/share/rplidar_ros/launch/rplidar_a2m8_launch.py
[0.335s] -- Up-to-date: /home/vj/ros2_ws/install/rplidar_ros/share/rplidar_ros/launch/rplidar_t1_launch.py
[0.335s] -- Up-to-date: /home/vj/ros2_ws/install/rplidar_ros/share/rplidar_ros/launch/rplidar_a1_launch.py
[0.336s] -- Up-to-date: /home/vj/ros2_ws/install/rplidar_ros/share/rplidar_ros/launch/view_rplidar_a1_launch.py
[0.336s] -- Up-to-date: /home/vj/ros2_ws/install/rplidar_ros/share/rplidar_ros/launch/rplidar_a2m12_launch.py
[0.336s] -- Up-to-date: /home/vj/ros2_ws/install/rplidar_ros/share/rplidar_ros/launch/rplidar_s1_launch.py
[0.336s] -- Up-to-date: /home/vj/ros2_ws/install/rplidar_ros/share/rplidar_ros/launch/view_rplidar_a2m12_launch.py
[0.336s] -- Up-to-date: /home/vj/ros2_ws/install/rplidar_ros/share/rplidar_ros/launch/view_rplidar_s2e_launch.py
[0.336s] -- Up-to-date: /home/vj/ros2_ws/install/rplidar_ros/share/rplidar_ros/launch/view_rplidar_c1_launch.py
[0.336s] -- Up-to-date: /home/vj/ros2_ws/install/rplidar_ros/share/rplidar_ros/launch/rplidar_c1_launch.py
[0.336s] -- Up-to-date: /home/vj/ros2_ws/install/rplidar_ros/share/rplidar_ros/launch/rplidar_a2m7_launch.py
[0.337s] -- Up-to-date: /home/vj/ros2_ws/install/rplidar_ros/share/rplidar_ros/rviz
[0.337s] -- Up-to-date: /home/vj/ros2_ws/install/rplidar_ros/share/rplidar_ros/rviz/rplidar_ros.rviz
[0.337s] -- Up-to-date: /home/vj/ros2_ws/install/rplidar_ros/lib/rplidar_ros/rplidar_node
[0.337s] -- Up-to-date: /home/vj/ros2_ws/install/rplidar_ros/lib/rplidar_ros/rplidar_composition
[0.337s] -- Up-to-date: /home/vj/ros2_ws/install/rplidar_ros/lib/rplidar_ros/rplidar_client
[0.337s] -- Up-to-date: /home/vj/ros2_ws/install/rplidar_ros/share/ament_index/resource_index/package_run_dependencies/rplidar_ros
[0.337s] -- Up-to-date: /home/vj/ros2_ws/install/rplidar_ros/share/ament_index/resource_index/parent_prefix_path/rplidar_ros
[0.337s] -- Up-to-date: /home/vj/ros2_ws/install/rplidar_ros/share/rplidar_ros/environment/ament_prefix_path.sh
[0.337s] -- Up-to-date: /home/vj/ros2_ws/install/rplidar_ros/share/rplidar_ros/environment/ament_prefix_path.dsv
[0.338s] -- Up-to-date: /home/vj/ros2_ws/install/rplidar_ros/share/rplidar_ros/environment/path.sh
[0.338s] -- Up-to-date: /home/vj/ros2_ws/install/rplidar_ros/share/rplidar_ros/environment/path.dsv
[0.338s] -- Up-to-date: /home/vj/ros2_ws/install/rplidar_ros/share/rplidar_ros/local_setup.bash
[0.338s] -- Up-to-date: /home/vj/ros2_ws/install/rplidar_ros/share/rplidar_ros/local_setup.sh
[0.339s] -- Up-to-date: /home/vj/ros2_ws/install/rplidar_ros/share/rplidar_ros/local_setup.zsh
[0.339s] -- Up-to-date: /home/vj/ros2_ws/install/rplidar_ros/share/rplidar_ros/local_setup.dsv
[0.339s] -- Installing: /home/vj/ros2_ws/install/rplidar_ros/share/rplidar_ros/package.dsv
[0.340s] -- Up-to-date: /home/vj/ros2_ws/install/rplidar_ros/share/ament_index/resource_index/packages/rplidar_ros
[0.340s] -- Up-to-date: /home/vj/ros2_ws/install/rplidar_ros/share/rplidar_ros/cmake/ament_cmake_export_dependencies-extras.cmake
[0.340s] -- Up-to-date: /home/vj/ros2_ws/install/rplidar_ros/share/rplidar_ros/cmake/ament_cmake_export_include_directories-extras.cmake
[0.340s] -- Up-to-date: /home/vj/ros2_ws/install/rplidar_ros/share/rplidar_ros/cmake/rplidar_rosConfig.cmake
[0.341s] -- Up-to-date: /home/vj/ros2_ws/install/rplidar_ros/share/rplidar_ros/cmake/rplidar_rosConfig-version.cmake
[0.341s] -- Up-to-date: /home/vj/ros2_ws/install/rplidar_ros/share/rplidar_ros/package.xml
[0.341s] Invoked command in '/home/vj/ros2_ws/build/rplidar_ros' returned '0': CMAKE_PREFIX_PATH=${CMAKE_PREFIX_PATH}:/home/vj/ros2_ws/install/motor_controller:/opt/ros/humble /usr/bin/cmake --install /home/vj/ros2_ws/build/rplidar_ros
